[    1109ms] [WARNING] Bell Notifications: Check interval adjusted from 30000ms to 60000ms @ https://www.nasdaq.com/sites/acquia.prod/files/js/js_9H3yMpMZcrPoLm9TEYt6TG5BLUMxX6whpV-C5-HE1uE.js?scope=footer&delta=2&language=en&theme=nsdq&include=eJyFU-HOgyAMfKE1JnshU6DOTqSu1C2-_Ycyk4Ut-X6o9e4Cx9EGNIy4kXaORnyyaL7Q2nuRial85iUyJk_dL_CSMAd89I5i7JMYD-zRWFLuBpVklEIfyMjv2Cm-RXEYu1zRfiQMnG59dKdAJsPuo-7vuc9kVlT5knJ4dBjOQlVe4A3rbyiHAUMX6c0PIkYKg-h8AmdVbdT6vi5cdNcroPei4XDbEGrsI0HkbC3nUMGPRVH3buk9L0wbLCoD_6JTlsjFO4W6TKs4jhU4-4g8l-M4DoCpPHlqpWQDZBM_ZRgl7sHm_-wNXJbK2-wkQiZUP7aKUWZa8EbgKJm0LKdBwKOGlphoO6y3-LzBYy33klsiLXHNcKtBHO1je2jz15aP8NuKki9w3ODJ9KIvQ8ZWbtBp6Tiv6-y-eC0NWyJ7p_Hl71XaHGpjfvqaJZyN9CZrjCBP0jJbgPxmywuieNxXeX5gRxxQJgX5N7UPCWmFX2h-3NvwD6FuabY:1
[    1160ms] [WARNING] Highcharts warning: Consider including the "accessibility.js" module to make your chart more usable for people with disabilities. Set the "accessibility.enabled" option to false to remove this warning. See https://www.highcharts.com/docs/accessibility/accessibility-module. @ https://www.nasdaq.com/themes/nsdq/dist/highstock.js?tg8hpl:0
[    2279ms] [LOG] evento OneTrustGroupsUpdated datacollection @ https://assets.adobedtm.com/9349e91fbf2a/105dd72ecf5e/launch-07e52851643e.min.js:12
[    4462ms] [LOG] No chatbot Dialogues available @ https://assets.adoberesources.net/builds/6dce2c4699536212f5d22ff4dd036a43af639ec3/dist/core/src/index.js:8
[ 5820546ms] [WARNING] Bell Notifications: Check interval adjusted from 30000ms to 60000ms @ https://www.nasdaq.com/sites/acquia.prod/files/js/js_HdV76SX4cpiylSJYTGJmwksft40sb_T2vCwhYnnBQYM.js?scope=footer&delta=2&language=en&theme=nsdq&include=eJxtUlGywiAMvJCZznghJkBqo0BsSOv09g9t6_iqPxB2l5BNiGiYcCHtPA04s2g90eSCyI2pbfmeGEug7hd4Klgjjs5TSq6Icc8BjaXUrlcpRiW6SEbhie3iSxKPqasr6gbCyOXikt8FcjPsPmJ3ra6SWVPVU6lx7DC-g_lZR4QwoNqGqcoDguF6jM0gGPpE251exEihF807sEdraWt8ne7cdOczYAii8eXgP9FziVCX7CVBJdQwHBWDZLrjhcBTMTmyXHqBgBqPRF5gnFqV9UiM8XcmpdDgtMDM9KCvfMaWWg3aWh10yv6L1zap1t7NzPZslrg3Y53GZhJkJm1_BpA3ti2QJGCCgvMH9jIB7Qcg_6aewydd4QdaGBJX-wOJjvuK:1
[ 5820939ms] [LOG] Payload data received. @ https://charting.nasdaq.com/dynamic/chart.html:345
[ 5820940ms] [LOG] Initializing... @ https://charting.nasdaq.com/dynamic/chart.html:359
[ 5821272ms] [LOG] jwplayer is undefined @ https://assets.adobedtm.com/9349e91fbf2a/105dd72ecf5e/launch-07e52851643e.min.js:9
[ 5821272ms] [LOG] evento OneTrustGroupsUpdated datacollection @ https://assets.adobedtm.com/9349e91fbf2a/105dd72ecf5e/launch-07e52851643e.min.js:12
[ 5821734ms] [LOG] Payload data received. @ https://charting.nasdaq.com/dynamic/chart.html:345
[ 5821735ms] SyntaxError: "[object Object]" is not valid JSON
    at JSON.parse (<anonymous>)
    at receive (https://charting.nasdaq.com/dynamic/chart.html:347:16)
[ 5821781ms] [LOG] Payload data received. @ https://charting.nasdaq.com/dynamic/chart.html:345
[ 5821781ms] SyntaxError: "[object Object]" is not valid JSON
    at JSON.parse (<anonymous>)
    at receive (https://charting.nasdaq.com/dynamic/chart.html:347:16)
[ 5990962ms] [LOG] Payload data received. @ https://charting.nasdaq.com/dynamic/chart.html:345
[ 5990964ms] [LOG] Payload data received. @ https://charting.nasdaq.com/dynamic/chart.html:345
[ 5991051ms] [LOG] Payload data received. @ https://charting.nasdaq.com/dynamic/chart.html:345
[ 5991051ms] [LOG] Initializing... @ https://charting.nasdaq.com/dynamic/chart.html:359
[ 6016058ms] [WARNING] Bell Notifications: Check interval adjusted from 30000ms to 60000ms @ https://www.nasdaq.com/sites/acquia.prod/files/js/js_ueHRCKONFWK7MN6qBPJclsoJAp9BA4EhSibJtNnbiYY.js?scope=footer&delta=2&language=en&theme=nsdq&include=eJxtkeFuwyAMhF-oVqS-EDJgEjeAU-y06tuPiTJN3X5xnD-JOxPRMOOL2uJpwwdL0wudLojsTP0oR2asgZb_zEtFjXh3nnJ2VYwTBzSWqktqUo1qdJGMwrc34TWLx7zocN1GGLmuLvsJyG64_NLupk7JrFN6qRrvC8YpWpMnBMNxjb0MGPpM73kSMWqQpJVpTDViDH07D-7c9QqJawR9FS8ZlLCF7ZPYpNCBK4GnavI5Ldh2MlBDOxW4pj-Etb6VXgWwGYefpEXiTDOqv58HeVDrHwTIY_pEC1tmtS8-B6p6:1
[ 6016577ms] [LOG] jwplayer is undefined @ https://assets.adobedtm.com/9349e91fbf2a/105dd72ecf5e/launch-07e52851643e.min.js:9
[ 6016577ms] [LOG] evento OneTrustGroupsUpdated datacollection @ https://assets.adobedtm.com/9349e91fbf2a/105dd72ecf5e/launch-07e52851643e.min.js:12
[ 6030230ms] [WARNING] Bell Notifications: Check interval adjusted from 30000ms to 60000ms @ https://www.nasdaq.com/sites/acquia.prod/files/js/js_qqlMLsEiZ-c2wo4xuyuqI0QXBt5-X-TOaZvhXmxsKKI.js?scope=footer&delta=2&language=en&theme=nsdq&include=eJxtUuHOgyAMfKE1JnshUqDObkC1VBff_mNTk31uf6DcXdLr0YiGCVfSztOAC4vWC80uiDyY2pXHxFgCdb_AS8EacXKeUnJFjHsOaCyldr1KMSrRRTIKL-wQ35J4TF3dUDcQRi43l_whkIdh91G7e3WVzJqqXkqNU4fxKFTlCcFwe8Y2DBj6RDvfixgp9KL5AI5qs7HV93nkprteAUMQjW-3_4meS4S6Zi8JKqGG4awYJNOINwJPxeTMcukFAmo8E3mFaW4u65mQ8Z0khAH5y84Uf7dRCg1OKyxMT_pqZmypGdSWedA5-y9e25e1nPdJd09Z4pHU9i17AiALaVseQN7ZdkCSgAkKLh_Ye0Joq4D8m3ptAekGP9HCkLjaH1wJ_uU:1
[ 6030754ms] [LOG] jwplayer is undefined @ https://assets.adobedtm.com/9349e91fbf2a/105dd72ecf5e/launch-07e52851643e.min.js:9
[ 6030754ms] [LOG] evento OneTrustGroupsUpdated datacollection @ https://assets.adobedtm.com/9349e91fbf2a/105dd72ecf5e/launch-07e52851643e.min.js:12
